[2021-04-07 12:00:36] local.INFO: array (
  0 => 'Reminder',
  1 => 
  array (
    0 => '{"sent":true,"message":"Sent to 6282257449997@c.us","id":"true_6282257449997@c.us_3EB0C84FADC8E61AD8D1","queueNumber":6525}',
    1 => '{"sent":true,"message":"Sent to 6285395468555@c.us","id":"true_6285395468555@c.us_3EB098A393C2F7F9971A","queueNumber":6526}',
    2 => '{"sent":true,"message":"Sent to 6281248833920@c.us","id":"true_6281248833920@c.us_3EB0848DF12BF3462CDD","queueNumber":6527}',
    3 => '{"sent":true,"message":"Sent to 6281943294618@c.us","id":"true_6281943294618@c.us_3EB043D012FA29736B85","queueNumber":6528}',
    4 => '{"sent":true,"message":"Sent to 6282190354773@c.us","id":"true_6282190354773@c.us_3EB0E9D41D6FBF468617","queueNumber":6529}',
    5 => '{"sent":true,"message":"Sent to 6282189110919@c.us","id":"true_6282189110919@c.us_3EB04EEFCB4EEBF16141","queueNumber":6530}',
    6 => '{"sent":true,"message":"Sent to 6282183156467@c.us","id":"true_6282183156467@c.us_3EB02DAEC644B0DE1690","queueNumber":6531}',
    7 => '{"sent":true,"message":"Sent to 6285357952765@c.us","id":"true_6285357952765@c.us_3EB0CDEDD7BFA0D79991","queueNumber":6532}',
    8 => '{"sent":true,"message":"Sent to 6285242013496@c.us","id":"true_6285242013496@c.us_3EB0463BA476D49678CE","queueNumber":6533}',
    9 => '{"sent":true,"message":"Sent to 6282185216929@c.us","id":"true_6282185216929@c.us_3EB0CBDE92A8F7954A47","queueNumber":6534}',
    10 => '{"sent":true,"message":"Sent to 6281935133254@c.us","id":"true_6281935133254@c.us_3EB029710022BD007045","queueNumber":6535}',
    11 => '{"sent":true,"message":"Sent to 6285206596663@c.us","id":"true_6285206596663@c.us_3EB0C02B741F131EA1EF","queueNumber":6536}',
    12 => '{"sent":true,"message":"Sent to 6282273618472@c.us","id":"true_6282273618472@c.us_3EB08C30FC2AAB475EA0","queueNumber":6537}',
    13 => '{"sent":true,"message":"Sent to 6289513379648@c.us","id":"true_6289513379648@c.us_3EB0913B3B59F73B1EF3","queueNumber":6538}',
    14 => '{"sent":true,"message":"Sent to 6281908152525@c.us","id":"true_6281908152525@c.us_3EB02D8334E4662ADBBB","queueNumber":6539}',
    15 => '{"sent":true,"message":"Sent to 6282118262145@c.us","id":"true_6282118262145@c.us_3EB0756D4E2B62A07E1C","queueNumber":6540}',
    16 => '{"sent":true,"message":"Sent to 6281248938969@c.us","id":"true_6281248938969@c.us_3EB0D49066CF93FC48E6","queueNumber":6541}',
    17 => '{"sent":true,"message":"Sent to 6281343181123@c.us","id":"true_6281343181123@c.us_3EB09BA29A95E0A25CC5","queueNumber":6542}',
    18 => '{"sent":true,"message":"Sent to 6281343628171@c.us","id":"true_6281343628171@c.us_3EB0B08CB0750D132E77","queueNumber":6543}',
    19 => '{"sent":true,"message":"Sent to 6282190695673@c.us","id":"true_6282190695673@c.us_3EB064E47148C0FCD39F","queueNumber":6544}',
    20 => '{"sent":true,"message":"Sent to 6285714945085@c.us","id":"true_6285714945085@c.us_3EB0AD8A622670CC6ADE","queueNumber":6545}',
    21 => '{"sent":true,"message":"Sent to 6281340559542@c.us","id":"true_6281340559542@c.us_3EB030BEDCFCFA8EC3EE","queueNumber":6546}',
    22 => '{"sent":true,"message":"Sent to 6281325607328@c.us","id":"true_6281325607328@c.us_3EB02F535725329D31C0","queueNumber":6547}',
    23 => '{"sent":true,"message":"Sent to 6282292196402@c.us","id":"true_6282292196402@c.us_3EB0FC7CE53C9172C1E6","queueNumber":6548}',
    24 => '{"sent":true,"message":"Sent to 6281343036752@c.us","id":"true_6281343036752@c.us_3EB0302E1334A5262A4F","queueNumber":6549}',
    25 => '{"sent":true,"message":"Sent to 6281238707955@c.us","id":"true_6281238707955@c.us_3EB08E18FEE8975946BF","queueNumber":6550}',
  ),
)  
